Arguments: 
  C:\Program Files\nodejs\node.exe C:\Program Files (x86)\Yarn\bin\yarn.js add reset.css

PATH: 
  C:\Users\6man\projects\layout_product-cards\node_modules\.bin;C:\Users\6man\AppData\Roaming\nvm\v14.18.2\node_modules\npm\node_modules\npm-lifecycle\node-gyp-bin;C:\Users\6man\projects\layout_product-cards\node_modules\.bin;C:\Users\6man\bin;C:\Program Files\Git\mingw64\bin;C:\Program Files\Git\usr\local\bin;C:\Program Files\Git\usr\bin;C:\Program Files\Git\usr\bin;C:\Program Files\Git\mingw64\bin;C:\Program Files\Git\usr\bin;C:\Users\6man\bin;C:\WINDOWS\system32;C:\WINDOWS;C:\WINDOWS\System32\Wbem;C:\WINDOWS\System32\WindowsPowerShell\v1.0;C:\WINDOWS\System32\OpenSSH;C:\Program Files\Git\cmd;C:\Program Files (x86)\Yarn\bin;C:\Program Files\dotnet;%NVM_HOME%;%NVM_SYMLINK%;C:\Users\6man\AppData\Local\Microsoft\WindowsApps;C:\Users\6man\AppData\Local\Programs\Microsoft VS Code\bin;C:\Users\6man\AppData\Local\Yarn\bin;C:\Program Files\JetBrains\WebStorm 2022.1.3\bin;C:\Users\6man\AppData\Roaming\npm;C:\Users\6man\AppData\Roaming\nvm;C:\Program Files\nodejs;C:\Program Files\Git\usr\bin\vendor_perl;C:\Program Files\Git\usr\bin\core_perl

Yarn version: 
  1.22.19

Node version: 
  14.18.2

Platform: 
  win32 x64

Trace: 
  Error: EPERM: operation not permitted, unlink 'C:\Users\6man\projects\layout_product-cards\node_modules\deasync\bin\win32-x64-node-14\deasync.node'

npm manifest: 
  {
    "name": "product-cards",
    "version": "1.0.0",
    "description": "Frontend practice with product cards",
    "main": "src/main.js",
    "scripts": {
      "init": "mate-scripts init",
      "start": "mate-scripts start",
      "lint": "mate-scripts lint",
      "test:only": "mate-scripts test",
      "build": "mate-scripts build",
      "deploy": "mate-scripts deploy",
      "update": "mate-scripts update",
      "postinstall": "npm run update",
      "test": "npm run lint && npm run test:only"
    },
    "keywords": [],
    "author": "Mate Academy",
    "license": "GPL-3.0",
    "devDependencies": {
      "@linthtml/linthtml": "^0.8.3",
      "@mate-academy/backstop-config": "^1.0.0",
      "@mate-academy/bemlint": "^0.1.1",
      "@mate-academy/eslint-config": "*",
      "@mate-academy/linthtml-config": "0.0.2",
      "@mate-academy/scripts": "^1.2.8",
      "@mate-academy/stylelint-config": "*",
      "backstopjs": "^5.0.1",
      "eslint": "^5.16.0",
      "eslint-plugin-node": "^8.0.1",
      "jest": "^27.3.1",
      "node-sass": "^4.14.1",
      "parcel": "^1.12.4",
      "stylelint": "^13.5.0",
      "stylelint-scss": "^3.17.2"
    },
    "mateAcademy": {
      "projectType": "layout"
    },
    "dependencies": {}
  }

yarn manifest: 
  No manifest

Lockfile: 
  No lockfile
